<?xml version="1.0" encoding="UTF-8" ?>
<testsuite failures="0" time="0.075" errors="0" skipped="0" tests="27" name="name.pehl.gwt.taoki.client.rest.UrlBuilderTest">
  <properties>
    <property name="java.runtime.name" value="Java(TM) SE Runtime Environment"/>
    <property name="sun.boot.library.path" value="/usr/lib/jvm/java-6-sun-1.6.0.15/jre/lib/i386"/>
    <property name="java.vm.version" value="14.1-b02"/>
    <property name="java.vm.vendor" value="Sun Microsystems Inc."/>
    <property name="java.vendor.url" value="http://java.sun.com/"/>
    <property name="path.separator" value=":"/>
    <property name="java.vm.name" value="Java HotSpot(TM) Server VM"/>
    <property name="file.encoding.pkg" value="sun.io"/>
    <property name="user.country" value="DE"/>
    <property name="sun.java.launcher" value="SUN_STANDARD"/>
    <property name="sun.os.patch.level" value="unknown"/>
    <property name="java.vm.specification.name" value="Java Virtual Machine Specification"/>
    <property name="user.dir" value="/home/pehlh/Projekte/TiRe/impl/taoki"/>
    <property name="java.runtime.version" value="1.6.0_15-b03"/>
    <property name="java.awt.graphicsenv" value="sun.awt.X11GraphicsEnvironment"/>
    <property name="basedir" value="/home/pehlh/Projekte/TiRe/impl/taoki"/>
    <property name="java.endorsed.dirs" value="/usr/lib/jvm/java-6-sun-1.6.0.15/jre/lib/endorsed"/>
    <property name="os.arch" value="i386"/>
    <property name="surefire.real.class.path" value="/tmp/surefirebooter1781403097574241614.jar"/>
    <property name="java.io.tmpdir" value="/tmp"/>
    <property name="line.separator" value="
"/>
    <property name="java.vm.specification.vendor" value="Sun Microsystems Inc."/>
    <property name="os.name" value="Linux"/>
    <property name="sun.jnu.encoding" value="UTF-8"/>
    <property name="java.library.path" value="/usr/lib/jvm/java-6-sun-1.6.0.15/jre/lib/i386/server:/usr/lib/jvm/java-6-sun-1.6.0.15/jre/lib/i386:/usr/lib/jvm/java-6-sun-1.6.0.15/jre/../lib/i386:/usr/java/packages/lib/i386:/lib:/usr/lib"/>
    <property name="surefire.test.class.path" value="/home/pehlh/Projekte/TiRe/impl/taoki/target/test-classes:/home/pehlh/Projekte/TiRe/impl/taoki/target/classes:/home/pehlh/Repo/name/pehl/gwt/piriti/0.1/piriti-0.1.jar:/home/pehlh/Repo/com/google/inject/guice/2.0/guice-2.0.jar:/home/pehlh/Repo/aopalliance/aopalliance/1.0/aopalliance-1.0.jar:/home/pehlh/Repo/com/google/gwt/inject/gin/1.0/gin-1.0.jar:/home/pehlh/Repo/com/mouchel/gwt/xpath/gwtxpath/1.0/gwtxpath-1.0.jar:/home/pehlh/Repo/com/google/gwt/gwt-user/2.0.0/gwt-user-2.0.0.jar:/home/pehlh/Repo/com/google/gwt/gwt-dev/2.0.0/gwt-dev-2.0.0.jar:/home/pehlh/Repo/org/restlet/gwt/org.restlet/2.0-M6/org.restlet-2.0-M6.jar:/home/pehlh/Repo/com/google/gwt/gwt-servlet/1.7.1/gwt-servlet-1.7.1.jar:/home/pehlh/Repo/org/restlet/gwt/org.restlet.ext.xml/2.0-M6/org.restlet.ext.xml-2.0-M6.jar:/home/pehlh/Repo/junit/junit/4.7/junit-4.7.jar:/home/pehlh/Repo/org/easymock/easymock/2.4/easymock-2.4.jar:/home/pehlh/Repo/org/easymock/easymockclassextension/2.4/easymockclassextension-2.4.jar:/home/pehlh/Repo/cglib/cglib-nodep/2.1_3/cglib-nodep-2.1_3.jar:"/>
    <property name="java.specification.name" value="Java Platform API Specification"/>
    <property name="java.class.version" value="50.0"/>
    <property name="sun.management.compiler" value="HotSpot Tiered Compilers"/>
    <property name="os.version" value="2.6.31-16-generic"/>
    <property name="user.home" value="/home/pehlh"/>
    <property name="user.timezone" value=""/>
    <property name="java.awt.printerjob" value="sun.print.PSPrinterJob"/>
    <property name="file.encoding" value="UTF-8"/>
    <property name="java.specification.version" value="1.6"/>
    <property name="user.name" value="pehlh"/>
    <property name="java.class.path" value="/home/pehlh/Projekte/TiRe/impl/taoki/target/test-classes:/home/pehlh/Projekte/TiRe/impl/taoki/target/classes:/home/pehlh/Repo/name/pehl/gwt/piriti/0.1/piriti-0.1.jar:/home/pehlh/Repo/com/google/inject/guice/2.0/guice-2.0.jar:/home/pehlh/Repo/aopalliance/aopalliance/1.0/aopalliance-1.0.jar:/home/pehlh/Repo/com/google/gwt/inject/gin/1.0/gin-1.0.jar:/home/pehlh/Repo/com/mouchel/gwt/xpath/gwtxpath/1.0/gwtxpath-1.0.jar:/home/pehlh/Repo/com/google/gwt/gwt-user/2.0.0/gwt-user-2.0.0.jar:/home/pehlh/Repo/com/google/gwt/gwt-dev/2.0.0/gwt-dev-2.0.0.jar:/home/pehlh/Repo/org/restlet/gwt/org.restlet/2.0-M6/org.restlet-2.0-M6.jar:/home/pehlh/Repo/com/google/gwt/gwt-servlet/1.7.1/gwt-servlet-1.7.1.jar:/home/pehlh/Repo/org/restlet/gwt/org.restlet.ext.xml/2.0-M6/org.restlet.ext.xml-2.0-M6.jar:/home/pehlh/Repo/junit/junit/4.7/junit-4.7.jar:/home/pehlh/Repo/org/easymock/easymock/2.4/easymock-2.4.jar:/home/pehlh/Repo/org/easymock/easymockclassextension/2.4/easymockclassextension-2.4.jar:/home/pehlh/Repo/cglib/cglib-nodep/2.1_3/cglib-nodep-2.1_3.jar:"/>
    <property name="java.vm.specification.version" value="1.0"/>
    <property name="sun.arch.data.model" value="32"/>
    <property name="java.home" value="/usr/lib/jvm/java-6-sun-1.6.0.15/jre"/>
    <property name="java.specification.vendor" value="Sun Microsystems Inc."/>
    <property name="user.language" value="de"/>
    <property name="java.vm.info" value="mixed mode"/>
    <property name="java.version" value="1.6.0_15"/>
    <property name="java.ext.dirs" value="/usr/lib/jvm/java-6-sun-1.6.0.15/jre/lib/ext:/usr/java/packages/lib/ext"/>
    <property name="sun.boot.class.path" value="/usr/lib/jvm/java-6-sun-1.6.0.15/jre/lib/resources.jar:/usr/lib/jvm/java-6-sun-1.6.0.15/jre/lib/rt.jar:/usr/lib/jvm/java-6-sun-1.6.0.15/jre/lib/sunrsasign.jar:/usr/lib/jvm/java-6-sun-1.6.0.15/jre/lib/jsse.jar:/usr/lib/jvm/java-6-sun-1.6.0.15/jre/lib/jce.jar:/usr/lib/jvm/java-6-sun-1.6.0.15/jre/lib/charsets.jar:/usr/lib/jvm/java-6-sun-1.6.0.15/jre/classes"/>
    <property name="java.vendor" value="Sun Microsystems Inc."/>
    <property name="localRepository" value="/home/pehlh/Repo"/>
    <property name="file.separator" value="/"/>
    <property name="java.vendor.url.bug" value="http://java.sun.com/cgi-bin/bugreport.cgi"/>
    <property name="sun.cpu.endian" value="little"/>
    <property name="sun.io.unicode.encoding" value="UnicodeLittle"/>
    <property name="sun.desktop" value="gnome"/>
    <property name="sun.cpu.isalist" value=""/>
  </properties>
  <testcase time="0.004" classname="name.pehl.gwt.taoki.client.rest.UrlBuilderTest" name="testBuildUrlWithNoData"/>
  <testcase time="0" classname="name.pehl.gwt.taoki.client.rest.UrlBuilderTest" name="testSetProtocol"/>
  <testcase time="0" classname="name.pehl.gwt.taoki.client.rest.UrlBuilderTest" name="testSetNullProtocol"/>
  <testcase time="0.001" classname="name.pehl.gwt.taoki.client.rest.UrlBuilderTest" name="testSetEmptyProtocol"/>
  <testcase time="0.001" classname="name.pehl.gwt.taoki.client.rest.UrlBuilderTest" name="testSetInvalidProtocol"/>
  <testcase time="0.001" classname="name.pehl.gwt.taoki.client.rest.UrlBuilderTest" name="testSetHost"/>
  <testcase time="0" classname="name.pehl.gwt.taoki.client.rest.UrlBuilderTest" name="testSetNullHost"/>
  <testcase time="0" classname="name.pehl.gwt.taoki.client.rest.UrlBuilderTest" name="testSetEmptyHost"/>
  <testcase time="0" classname="name.pehl.gwt.taoki.client.rest.UrlBuilderTest" name="testSetPort"/>
  <testcase time="0" classname="name.pehl.gwt.taoki.client.rest.UrlBuilderTest" name="testSetInvalidPort"/>
  <testcase time="0" classname="name.pehl.gwt.taoki.client.rest.UrlBuilderTest" name="testSetContext"/>
  <testcase time="0" classname="name.pehl.gwt.taoki.client.rest.UrlBuilderTest" name="testSetNullContext"/>
  <testcase time="0.001" classname="name.pehl.gwt.taoki.client.rest.UrlBuilderTest" name="testSetEmptyContext"/>
  <testcase time="0" classname="name.pehl.gwt.taoki.client.rest.UrlBuilderTest" name="testSetModule"/>
  <testcase time="0.001" classname="name.pehl.gwt.taoki.client.rest.UrlBuilderTest" name="testSetNullModule"/>
  <testcase time="0.001" classname="name.pehl.gwt.taoki.client.rest.UrlBuilderTest" name="testSetEmptyModule"/>
  <testcase time="0.001" classname="name.pehl.gwt.taoki.client.rest.UrlBuilderTest" name="testSetVersion"/>
  <testcase time="0.008" classname="name.pehl.gwt.taoki.client.rest.UrlBuilderTest" name="testSetNullVersion"/>
  <testcase time="0" classname="name.pehl.gwt.taoki.client.rest.UrlBuilderTest" name="testSetEmptyVersion"/>
  <testcase time="0.001" classname="name.pehl.gwt.taoki.client.rest.UrlBuilderTest" name="testAddResourcePath"/>
  <testcase time="0" classname="name.pehl.gwt.taoki.client.rest.UrlBuilderTest" name="testAddNullResourcePath"/>
  <testcase time="0" classname="name.pehl.gwt.taoki.client.rest.UrlBuilderTest" name="testAddEmptyResourcePath"/>
  <testcase time="0" classname="name.pehl.gwt.taoki.client.rest.UrlBuilderTest" name="testClearResourcePaths"/>
  <testcase time="0.002" classname="name.pehl.gwt.taoki.client.rest.UrlBuilderTest" name="testAddQueryParameter"/>
  <testcase time="0.001" classname="name.pehl.gwt.taoki.client.rest.UrlBuilderTest" name="testAddQueryParameterWithNullKey"/>
  <testcase time="0" classname="name.pehl.gwt.taoki.client.rest.UrlBuilderTest" name="testAddQueryParameterWithNullValues"/>
  <testcase time="0" classname="name.pehl.gwt.taoki.client.rest.UrlBuilderTest" name="testAddQueryParameterWithEmptyValues"/>
</testsuite>